0 verbose cli C:\Program Files\nodejs\node.exe C:\Users\Sudha\AppData\Roaming\npm\node_modules\npm\bin\npm-cli.js
1 info using npm@10.9.0
2 info using node@v20.12.0
3 silly config load:file:C:\Users\Sudha\AppData\Roaming\npm\node_modules\npm\npmrc
4 silly config load:file:C:\Users\Sudha\OneDrive\Desktop\test\dev\.npmrc
5 silly config load:file:C:\Users\Sudha\.npmrc
6 silly config load:file:C:\Users\Sudha\AppData\Roaming\npm\etc\npmrc
7 verbose title npm start
8 verbose argv "start" "--cache" "clear"
9 verbose logfile logs-max:10 dir:C:\Users\Sudha\OneDrive\Desktop\test\dev\clear\_logs\2025-01-09T05_36_12_466Z-
10 verbose logfile C:\Users\Sudha\OneDrive\Desktop\test\dev\clear\_logs\2025-01-09T05_36_12_466Z-debug-0.log
11 silly logfile done cleaning log files
12 http fetch GET 200 https://registry.npmjs.org/npm 129ms
13 verbose cwd C:\Users\Sudha\OneDrive\Desktop\test\dev
14 verbose os Windows_NT 10.0.26100
15 verbose node v20.12.0
16 verbose npm  v10.9.0
17 notice
17 notice New [31mmajor[39m version of npm available! [31m10.9.0[39m -> [34m11.0.0[39m
17 notice Changelog: [34mhttps://github.com/npm/cli/releases/tag/v11.0.0[39m
17 notice To update run: [4mnpm install -g npm@11.0.0[24m
17 notice  { force: true, [Symbol(proc-log.meta)]: true }
18 verbose exit 0
19 info ok
